{
  "stats": {
    "suites": 1,
    "tests": 2,
    "passes": 0,
    "pending": 2,
    "failures": 0,
    "start": "2022-06-09T19:49:01.140Z",
    "end": "2022-06-09T19:49:34.423Z",
    "duration": 33283,
    "testsRegistered": 3,
    "passPercent": 0,
    "pendingPercent": 66.66666666666666,
    "other": 1,
    "hasOther": true,
    "skipped": 0,
    "hasSkipped": false
  },
  "results": [
    {
      "uuid": "b74a2981-a0fd-430b-8003-7a58e5bfe4e0",
      "title": "",
      "fullFile": "cypress\\e2e\\BedQLoginTest.cy.js",
      "file": "cypress\\e2e\\BedQLoginTest.cy.js",
      "beforeHooks": [],
      "afterHooks": [],
      "tests": [],
      "suites": [
        {
          "uuid": "8bb6f72f-ba98-4160-924e-ad177b4394ed",
          "title": "BedQuarter Login test Suit",
          "fullFile": "",
          "file": "",
          "beforeHooks": [],
          "afterHooks": [],
          "tests": [
            {
              "title": "verify response while entering invalid credintials",
              "fullTitle": "BedQuarter Login test Suit verify response while entering invalid credintials",
              "timedOut": null,
              "duration": 33180,
              "state": "failed",
              "speed": null,
              "pass": false,
              "fail": true,
              "pending": false,
              "context": "{\n  \"title\": \"cypress-mochawesome-reporter-screenshots\",\n  \"value\": [\n    [\n      {\n        \"title\": \"Failed screenshot\",\n        \"value\": \"\\\\BedQLoginTest.cy.js\\\\BedQuarter Login test Suit -- verify response while entering invalid credintials (failed).png\"\n      }\n    ]\n  ]\n}",
              "code": "_HomePage.ClickOn.URL();\n_HomePage.ClickOn.LoginButton();\n_LoginPage.Verify.InValidCredintials();",
              "err": {
                "message": "CypressError: `cy.visit()` failed trying to load:\n\nhttps://bedquarter.com/\n\nWe attempted to make an http request to this URL but the request failed without a response.\n\nWe received this error at the network level:\n\n  > Error: connect ETIMEDOUT 15.184.76.131:443\n\nCommon situations why this would fail:\n  - you don't have internet access\n  - you forgot to run / boot your web server\n  - your web server isn't accessible\n  - you have weird network configuration settings on your computer",
                "estack": "CypressError: `cy.visit()` failed trying to load:\n\nhttps://bedquarter.com/\n\nWe attempted to make an http request to this URL but the request failed without a response.\n\nWe received this error at the network level:\n\n  > Error: connect ETIMEDOUT 15.184.76.131:443\n\nCommon situations why this would fail:\n  - you don't have internet access\n  - you forgot to run / boot your web server\n  - your web server isn't accessible\n  - you have weird network configuration settings on your computer\n    at http://localhost:60955/__cypress/runner/cypress_runner.js:156638:82\n    at visitFailedByErr (http://localhost:60955/__cypress/runner/cypress_runner.js:155942:12)\n    at http://localhost:60955/__cypress/runner/cypress_runner.js:156637:11\n    at tryCatcher (http://localhost:60955/__cypress/runner/cypress_runner.js:13012:23)\n    at Promise._settlePromiseFromHandler (http://localhost:60955/__cypress/runner/cypress_runner.js:10947:31)\n    at Promise._settlePromise (http://localhost:60955/__cypress/runner/cypress_runner.js:11004:18)\n    at Promise._settlePromise0 (http://localhost:60955/__cypress/runner/cypress_runner.js:11049:10)\n    at Promise._settlePromises (http://localhost:60955/__cypress/runner/cypress_runner.js:11125:18)\n    at _drainQueueStep (http://localhost:60955/__cypress/runner/cypress_runner.js:7719:12)\n    at _drainQueue (http://localhost:60955/__cypress/runner/cypress_runner.js:7712:9)\n    at Async.../../node_modules/bluebird/js/release/async.js.Async._drainQueues (http://localhost:60955/__cypress/runner/cypress_runner.js:7728:5)\n    at Async.drainQueues (http://localhost:60955/__cypress/runner/cypress_runner.js:7598:14)\nFrom Your Spec Code:\n    at HomePage.URL (http://localhost:60955/__cypress/tests?p=cypress\\e2e\\BedQLoginTest.cy.js:147:8)\n    at Context.eval (http://localhost:60955/__cypress/tests?p=cypress\\e2e\\BedQLoginTest.cy.js:108:23)\n\nFrom Node.js Internals:\n  Error: connect ETIMEDOUT 15.184.76.131:443\n      at TCPConnectWrap.afterConnect [as oncomplete] (node:net:1161:16)\n  ",
                "diff": null
              },
              "uuid": "e7acc8f3-51c9-4ed5-8867-388b91012ced",
              "parentUUID": "8bb6f72f-ba98-4160-924e-ad177b4394ed",
              "isHook": false,
              "skipped": false
            },
            {
              "title": "Verify response while entering invalid mail format",
              "fullTitle": "BedQuarter Login test Suit Verify response while entering invalid mail format",
              "timedOut": null,
              "duration": 0,
              "state": "pending",
              "speed": null,
              "pass": false,
              "fail": false,
              "pending": true,
              "context": null,
              "code": "",
              "err": {},
              "uuid": "7535c516-0803-42a0-aad4-63003f433d29",
              "parentUUID": "8bb6f72f-ba98-4160-924e-ad177b4394ed",
              "isHook": false,
              "skipped": false
            },
            {
              "title": "Verify response while entering valid credintials",
              "fullTitle": "BedQuarter Login test Suit Verify response while entering valid credintials",
              "timedOut": null,
              "duration": 0,
              "state": "pending",
              "speed": null,
              "pass": false,
              "fail": false,
              "pending": true,
              "context": null,
              "code": "",
              "err": {},
              "uuid": "403c3ca5-a21b-481f-9477-d694e6fd1a76",
              "parentUUID": "8bb6f72f-ba98-4160-924e-ad177b4394ed",
              "isHook": false,
              "skipped": false
            }
          ],
          "suites": [],
          "passes": [],
          "failures": [
            "e7acc8f3-51c9-4ed5-8867-388b91012ced"
          ],
          "pending": [
            "7535c516-0803-42a0-aad4-63003f433d29",
            "403c3ca5-a21b-481f-9477-d694e6fd1a76"
          ],
          "skipped": [],
          "duration": 33180,
          "root": false,
          "rootEmpty": false,
          "_timeout": 2000
        }
      ],
      "passes": [],
      "failures": [],
      "pending": [],
      "skipped": [],
      "duration": 0,
      "root": true,
      "rootEmpty": true,
      "_timeout": 2000
    }
  ],
  "meta": {
    "mocha": {
      "version": "7.0.1"
    },
    "mochawesome": {
      "options": {
        "quiet": false,
        "reportFilename": "mochawesome",
        "saveHtml": false,
        "saveJson": true,
        "consoleReporter": "spec",
        "useInlineDiffs": false,
        "code": true
      },
      "version": "7.1.3"
    },
    "marge": {
      "options": {
        "id": "default",
        "reportDir": "cypress/results/mochawesome",
        "overwrite": false,
        "html": false,
        "json": true
      },
      "version": "6.2.0"
    }
  }
}