{
  "stats": {
    "suites": 1,
    "tests": 1,
    "passes": 0,
    "pending": 3,
    "failures": -2,
    "start": "2022-06-09T19:49:41.018Z",
    "end": "2022-06-09T19:49:41.059Z",
    "duration": 41,
    "testsRegistered": 3,
    "passPercent": null,
    "pendingPercent": 100,
    "other": 2,
    "hasOther": true,
    "skipped": 0,
    "hasSkipped": false
  },
  "results": [
    {
      "uuid": "14ed738d-b690-496f-93d3-d62038c4fc33",
      "title": "",
      "fullFile": "cypress\\e2e\\BedQ_AddToCart_Test.cy.js",
      "file": "cypress\\e2e\\BedQ_AddToCart_Test.cy.js",
      "beforeHooks": [],
      "afterHooks": [],
      "tests": [],
      "suites": [
        {
          "uuid": "1192f99c-36f8-4fab-9c12-2ce437a1f179",
          "title": "Check Product",
          "fullFile": "",
          "file": "",
          "beforeHooks": [],
          "afterHooks": [],
          "tests": [
            {
              "title": "Open Product Details",
              "fullTitle": "Check Product Open Product Details",
              "timedOut": null,
              "duration": 0,
              "state": "pending",
              "speed": null,
              "pass": false,
              "fail": false,
              "pending": true,
              "context": null,
              "code": "",
              "err": {},
              "uuid": "d25ed1df-25a8-49d8-a1a5-3755bbf5cf3d",
              "parentUUID": "1192f99c-36f8-4fab-9c12-2ce437a1f179",
              "isHook": false,
              "skipped": false
            },
            {
              "title": "verify resposne while entering invalid quntity",
              "fullTitle": "Check Product verify resposne while entering invalid quntity",
              "timedOut": null,
              "duration": 0,
              "state": "pending",
              "speed": null,
              "pass": false,
              "fail": false,
              "pending": true,
              "context": null,
              "code": "",
              "err": {},
              "uuid": "90af2450-a178-4ba1-8cc9-d7c851221fb6",
              "parentUUID": "1192f99c-36f8-4fab-9c12-2ce437a1f179",
              "isHook": false,
              "skipped": false
            },
            {
              "title": "verify response while enter valid quntity",
              "fullTitle": "Check Product verify response while enter valid quntity",
              "timedOut": null,
              "duration": 0,
              "state": "pending",
              "speed": null,
              "pass": false,
              "fail": false,
              "pending": true,
              "context": null,
              "code": "",
              "err": {},
              "uuid": "d9f9e322-4941-45fd-b342-6b046a725959",
              "parentUUID": "1192f99c-36f8-4fab-9c12-2ce437a1f179",
              "isHook": false,
              "skipped": false
            }
          ],
          "suites": [],
          "passes": [],
          "failures": [],
          "pending": [
            "d25ed1df-25a8-49d8-a1a5-3755bbf5cf3d",
            "90af2450-a178-4ba1-8cc9-d7c851221fb6",
            "d9f9e322-4941-45fd-b342-6b046a725959"
          ],
          "skipped": [],
          "duration": 0,
          "root": false,
          "rootEmpty": false,
          "_timeout": 2000
        }
      ],
      "passes": [],
      "failures": [],
      "pending": [],
      "skipped": [],
      "duration": 0,
      "root": true,
      "rootEmpty": true,
      "_timeout": 2000
    }
  ],
  "meta": {
    "mocha": {
      "version": "7.0.1"
    },
    "mochawesome": {
      "options": {
        "quiet": false,
        "reportFilename": "mochawesome",
        "saveHtml": false,
        "saveJson": true,
        "consoleReporter": "spec",
        "useInlineDiffs": false,
        "code": true
      },
      "version": "7.1.3"
    },
    "marge": {
      "options": {
        "id": "default",
        "reportDir": "cypress/results/mochawesome",
        "overwrite": false,
        "html": false,
        "json": true
      },
      "version": "6.2.0"
    }
  }
}